2003.05.23 16:12 B Y:\Profiltra\Website Profiltra\cms\images\ed_about.gif <-- Profiltra /w/5/2/3/52302/docs/cms/images ed_about.gif
2003.05.23 16:12 B Y:\Profiltra\Website Profiltra\cms\images\ed_align_center.gif <-- Profiltra /w/5/2/3/52302/docs/cms/images ed_align_center.gif
2003.05.23 16:12 B Y:\Profiltra\Website Profiltra\cms\images\ed_align_left.gif <-- Profiltra /w/5/2/3/52302/docs/cms/images ed_align_left.gif
2003.05.23 16:12 B Y:\Profiltra\Website Profiltra\cms\images\ed_align_right.gif <-- Profiltra /w/5/2/3/52302/docs/cms/images ed_align_right.gif
2003.05.23 16:12 B Y:\Profiltra\Website Profiltra\cms\images\ed_blank.gif <-- Profiltra /w/5/2/3/52302/docs/cms/images ed_blank.gif
2003.05.23 16:13 B Y:\Profiltra\Website Profiltra\cms\images\ed_charmap.gif <-- Profiltra /w/5/2/3/52302/docs/cms/images ed_charmap.gif
2003.05.23 16:13 B Y:\Profiltra\Website Profiltra\cms\images\ed_color_bg.gif <-- Profiltra /w/5/2/3/52302/docs/cms/images ed_color_bg.gif
2003.05.23 16:13 B Y:\Profiltra\Website Profiltra\cms\images\ed_color_fg.gif <-- Profiltra /w/5/2/3/52302/docs/cms/images ed_color_fg.gif
2003.05.23 16:13 B Y:\Profiltra\Website Profiltra\cms\images\ed_copy.gif <-- Profiltra /w/5/2/3/52302/docs/cms/images ed_copy.gif
2003.05.23 16:13 B Y:\Profiltra\Website Profiltra\cms\images\ed_custom.gif <-- Profiltra /w/5/2/3/52302/docs/cms/images ed_custom.gif
2003.05.23 16:13 B Y:\Profiltra\Website Profiltra\cms\images\ed_custom1.gif <-- Profiltra /w/5/2/3/52302/docs/cms/images ed_custom1.gif
2003.05.23 16:13 B Y:\Profiltra\Website Profiltra\cms\images\ed_custom2.gif <-- Profiltra /w/5/2/3/52302/docs/cms/images ed_custom2.gif
2003.05.23 16:13 B Y:\Profiltra\Website Profiltra\cms\images\ed_custom3.gif <-- Profiltra /w/5/2/3/52302/docs/cms/images ed_custom3.gif
2003.05.23 16:13 B Y:\Profiltra\Website Profiltra\cms\images\ed_cut.gif <-- Profiltra /w/5/2/3/52302/docs/cms/images ed_cut.gif
2003.05.23 16:13 B Y:\Profiltra\Website Profiltra\cms\images\ed_delete.gif <-- Profiltra /w/5/2/3/52302/docs/cms/images ed_delete.gif
2003.05.23 16:13 B Y:\Profiltra\Website Profiltra\cms\images\ed_format_bold.gif <-- Profiltra /w/5/2/3/52302/docs/cms/images ed_format_bold.gif
2003.05.23 16:13 B Y:\Profiltra\Website Profiltra\cms\images\ed_format_italic.gif <-- Profiltra /w/5/2/3/52302/docs/cms/images ed_format_italic.gif
2003.05.23 16:13 B Y:\Profiltra\Website Profiltra\cms\images\ed_format_strike.gif <-- Profiltra /w/5/2/3/52302/docs/cms/images ed_format_strike.gif
2003.05.23 16:13 B Y:\Profiltra\Website Profiltra\cms\images\ed_format_sub.gif <-- Profiltra /w/5/2/3/52302/docs/cms/images ed_format_sub.gif
2003.05.23 16:13 B Y:\Profiltra\Website Profiltra\cms\images\ed_format_sup.gif <-- Profiltra /w/5/2/3/52302/docs/cms/images ed_format_sup.gif
2003.05.23 16:13 B Y:\Profiltra\Website Profiltra\cms\images\ed_format_underline.gif <-- Profiltra /w/5/2/3/52302/docs/cms/images ed_format_underline.gif
2003.05.23 16:13 B Y:\Profiltra\Website Profiltra\cms\images\ed_help.gif <-- Profiltra /w/5/2/3/52302/docs/cms/images ed_help.gif
2003.05.23 16:13 B Y:\Profiltra\Website Profiltra\cms\images\ed_hr.gif <-- Profiltra /w/5/2/3/52302/docs/cms/images ed_hr.gif
2003.05.23 16:13 B Y:\Profiltra\Website Profiltra\cms\images\ed_html.gif <-- Profiltra /w/5/2/3/52302/docs/cms/images ed_html.gif
2003.05.23 16:13 B Y:\Profiltra\Website Profiltra\cms\images\ed_image.gif <-- Profiltra /w/5/2/3/52302/docs/cms/images ed_image.gif
2003.05.23 16:13 B Y:\Profiltra\Website Profiltra\cms\images\ed_indent_less.gif <-- Profiltra /w/5/2/3/52302/docs/cms/images ed_indent_less.gif
2003.05.23 16:13 B Y:\Profiltra\Website Profiltra\cms\images\ed_indent_more.gif <-- Profiltra /w/5/2/3/52302/docs/cms/images ed_indent_more.gif
2003.05.23 16:13 B Y:\Profiltra\Website Profiltra\cms\images\ed_link.gif <-- Profiltra /w/5/2/3/52302/docs/cms/images ed_link.gif
2003.05.23 16:13 B Y:\Profiltra\Website Profiltra\cms\images\ed_list_bullet.gif <-- Profiltra /w/5/2/3/52302/docs/cms/images ed_list_bullet.gif
2003.05.23 16:13 B Y:\Profiltra\Website Profiltra\cms\images\ed_list_num.gif <-- Profiltra /w/5/2/3/52302/docs/cms/images ed_list_num.gif
2003.05.23 16:13 B Y:\Profiltra\Website Profiltra\cms\images\ed_redo.gif <-- Profiltra /w/5/2/3/52302/docs/cms/images ed_redo.gif
2003.05.23 16:13 B Y:\Profiltra\Website Profiltra\cms\images\ed_undo.gif <-- Profiltra /w/5/2/3/52302/docs/cms/images ed_undo.gif
2003.05.23 16:13 B Y:\Profiltra\Website Profiltra\cms\images\fullscreen_maximize.gif <-- Profiltra /w/5/2/3/52302/docs/cms/images fullscreen_maximize.gif
2003.05.23 16:13 B Y:\Profiltra\Website Profiltra\cms\images\fullscreen_minimize.gif <-- Profiltra /w/5/2/3/52302/docs/cms/images fullscreen_minimize.gif
2003.05.23 16:13 B Y:\Profiltra\Website Profiltra\cms\images\insert_table.gif <-- Profiltra /w/5/2/3/52302/docs/cms/images insert_table.gif
